{"logTime": "1102/004749", "correlationVector":"uvPq+9RtL1MObrAc4h/XNX.1","action":"SyncServerConnectionManagerRequest", "result":"SYNC_SERVER_OK", "context":{"environment":"Prod_EastUS2_000e", "migrationStage":"NotStarted", "server":"GENERAL01000029"}}
{"logTime": "1102/004751", "correlationVector":"Mol013/+kUZGGwRpkY3K0W","action":"SyncServerConnectionManagerRequest", "result":"SYNC_SERVER_OK", "context":{"environment":"", "migrationStage":"", "server":""}}
{"logTime": "1102/004751", "correlationVector":"uvPq+9RtL1MObrAc4h/XNX","action":"Initial GetUpdates", "result":"", "context":Reason: NEW_CLIENT. cV=uvPq+9RtL1MObrAc4h/XNX}
{"logTime": "1102/004751", "correlationVector":"uvPq+9RtL1MObrAc4h/XNX.2","action":"GetUpdates Response", "result":"Success", "context":Received 1 update(s). cV=uvPq+9RtL1MObrAc4h/XNX.0;server=GENERAL01000029;cloudType=Consumer;environment=Prod_EastUS2_000e;migrationStage=NotStarted}
{"logTime": "1102/004751", "correlationVector":"bKpCPNmi7M1LJDlPBicy5T","action":"Initial GetUpdates", "result":"", "context":Reason: NEWLY_SUPPORTED_DATATYPE. cV=bKpCPNmi7M1LJDlPBicy5T}
{"logTime": "1102/004752", "correlationVector":"bKpCPNmi7M1LJDlPBicy5T.1","action":"SyncServerConnectionManagerRequest", "result":"SYNC_SERVER_OK", "context":{"environment":"Prod_EastUS2_000e", "migrationStage":"NotStarted", "server":"GENERAL0100001X"}}
{"logTime": "1102/004752", "correlationVector":"bKpCPNmi7M1LJDlPBicy5T.2","action":"GetUpdates Response", "result":"Success", "context":Received 27 update(s). cV=bKpCPNmi7M1LJDlPBicy5T.0;server=GENERAL0100001X;cloudType=Consumer;environment=Prod_EastUS2_000e;migrationStage=NotStarted}
{"logTime": "1102/004752", "correlationVector":"eQTEss8nIzVz4qvQBgRZoN","action":"Initial GetUpdates", "result":"", "context":Reason: NEWLY_SUPPORTED_DATATYPE. cV=eQTEss8nIzVz4qvQBgRZoN}
{"logTime": "1102/004752", "correlationVector":"eQTEss8nIzVz4qvQBgRZoN.1","action":"SyncServerConnectionManagerRequest", "result":"SYNC_SERVER_OK", "context":{"environment":"Prod_EastUS2_000e", "migrationStage":"NotStarted", "server":"GENERAL0100002A"}}
{"logTime": "1102/004752", "correlationVector":"eQTEss8nIzVz4qvQBgRZoN.2","action":"GetUpdates Response", "result":"Success", "context":Received 5 update(s). cV=eQTEss8nIzVz4qvQBgRZoN.0;server=GENERAL0100002A;cloudType=Consumer;environment=Prod_EastUS2_000e;migrationStage=NotStarted}
{"logTime": "1102/004752", "correlationVector":"dH14rOqRvV6NcHqZeJFLOp","action":"Initial GetUpdates", "result":"", "context":Reason: NEWLY_SUPPORTED_DATATYPE. cV=dH14rOqRvV6NcHqZeJFLOp}
{"logTime": "1102/004753", "correlationVector":"dH14rOqRvV6NcHqZeJFLOp.1","action":"SyncServerConnectionManagerRequest", "result":"SYNC_SERVER_OK", "context":{"environment":"Prod_EastUS2_000e", "migrationStage":"NotStarted", "server":"GENERAL0100001B"}}
{"logTime": "1102/004753", "correlationVector":"dH14rOqRvV6NcHqZeJFLOp.2","action":"GetUpdates", "result":"DeleteReceived", "context":{"id":"ece1cb16-ce38-4d52-bedc-4b466546a135", "isDeleted:":"true", "version":"1730499159416"}}
{"logTime": "1102/004753", "correlationVector":"dH14rOqRvV6NcHqZeJFLOp.3","action":"GetUpdates", "result":"DeleteReceived", "context":{"id":"84efa012-db31-4b48-9d78-18e29510feb9", "isDeleted:":"true", "version":"1730500303082"}}
{"logTime": "1102/004753", "correlationVector":"dH14rOqRvV6NcHqZeJFLOp.4","action":"GetUpdates", "result":"DeleteReceived", "context":{"id":"a2109559-2d73-4852-8f00-488d8cd3a772", "isDeleted:":"true", "version":"1730500709429"}}
{"logTime": "1102/004753", "correlationVector":"dH14rOqRvV6NcHqZeJFLOp.5","action":"GetUpdates", "result":"DeleteReceived", "context":{"id":"eafb927d-a2cd-42e2-a136-e6e758d58c3c", "isDeleted:":"true", "version":"1730501637074"}}
{"logTime": "1102/004753", "correlationVector":"dH14rOqRvV6NcHqZeJFLOp.6","action":"GetUpdates", "result":"DeleteReceived", "context":{"id":"6a83ffa3-f25e-464a-afca-230e5bbc2d0d", "isDeleted:":"true", "version":"1730502963930"}}
{"logTime": "1102/004753", "correlationVector":"dH14rOqRvV6NcHqZeJFLOp.7","action":"GetUpdates", "result":"DeleteReceived", "context":{"id":"28ed7cac-3592-449b-aadd-02be7217b8af", "isDeleted:":"true", "version":"1730503568958"}}
{"logTime": "1102/004753", "correlationVector":"dH14rOqRvV6NcHqZeJFLOp.8","action":"GetUpdates", "result":"DeleteReceived", "context":{"id":"0c46646b-7783-499e-9922-cacf7e5a7105", "isDeleted:":"true", "version":"1730503859651"}}
{"logTime": "1102/004753", "correlationVector":"dH14rOqRvV6NcHqZeJFLOp.9","action":"GetUpdates Response", "result":"Success", "context":Received 15 update(s). cV=dH14rOqRvV6NcHqZeJFLOp.0;server=GENERAL0100001B;cloudType=Consumer;environment=Prod_EastUS2_000e;migrationStage=NotStarted}
{"logTime": "1102/004753", "correlationVector":"Mxpz0QJkXqh4RvZC76Rj5X","action":"Normal GetUpdate request", "result":"", "context":cV=Mxpz0QJkXqh4RvZC76Rj5X
Nudged types: Sessions, Device Info, User Consents
Refresh requested types: Bookmarks, Preferences, Passwords, Autofill Profiles, Autofill, Typed URLs, Extensions, Sessions, Extension settings, History Delete Directives, Device Info, User Consents, Send Tab To Self, Web Apps, Collection, Edge E Drop, Edge Hub App Usage, Edge Tab Group, Edge Wallet, Encryption Keys}
{"logTime": "1102/004753", "correlationVector":"Mxpz0QJkXqh4RvZC76Rj5X.1","action":"SyncServerConnectionManagerRequest", "result":"SYNC_SERVER_OK", "context":{"environment":"Prod_EastUS2_000e", "migrationStage":"NotStarted", "server":"GENERAL01000010"}}
{"logTime": "1102/004753", "correlationVector":"Mxpz0QJkXqh4RvZC76Rj5X.2","action":"GetUpdates Response", "result":"Success", "context":Received 0 update(s). cV=Mxpz0QJkXqh4RvZC76Rj5X.0;server=GENERAL01000010;cloudType=Consumer;environment=Prod_EastUS2_000e;migrationStage=NotStarted}
{"logTime": "1102/004753", "correlationVector":"y4ftwCqyxfdHlsXeiBwZxA","action":"DoCompareDataConsistency requsted types: ", "result":"Bookmarks, Preferences, Passwords, Typed URLs, Extensions, Extension settings, History Delete Directives, Send Tab To Self, Web Apps, Collection, Edge E Drop, Edge Tab Group, Edge Wallet, Encryption Keys"}
{"logTime": "1102/004753", "correlationVector":"y4ftwCqyxfdHlsXeiBwZxA.0","action":"CompareDataConsistency result: ", "result":"Compare result: Encryption Keys is consistent. local entities count is: 1 local entities hash is: cmZSBUPOTJgyIrGCi+1Um7n2SyQ="}
{"logTime": "1102/004753", "correlationVector":"y4ftwCqyxfdHlsXeiBwZxA.1","action":"CompareDataConsistency result: ", "result":"Compare result: Bookmarks is consistent. local entities count is: 3 local entities hash is: i91C4NjdbNEZ1vRwRpo9xstUOPI="}
{"logTime": "1102/004753", "correlationVector":"y4ftwCqyxfdHlsXeiBwZxA.2","action":"CompareDataConsistency result: ", "result":"Compare result: Preferences is consistent. local entities count is: 23 local entities hash is: P2E0cnWnoXw6ibNhKZ/GwmDRF9U="}
{"logTime": "1102/004753", "correlationVector":"y4ftwCqyxfdHlsXeiBwZxA.3","action":"CompareDataConsistency result: ", "result":"Server did not send this Typed URLs local entities count is: 0 local entities hash is: "}
{"logTime": "1102/004753", "correlationVector":"y4ftwCqyxfdHlsXeiBwZxA.4","action":"CompareDataConsistency result: ", "result":"Compare result: Extensions is consistent. local entities count is: 0 local entities hash is: "}
{"logTime": "1102/004753", "correlationVector":"y4ftwCqyxfdHlsXeiBwZxA.5","action":"CompareDataConsistency result: ", "result":"Compare result: Extension settings is consistent. local entities count is: 0 local entities hash is: "}
{"logTime": "1102/004753", "correlationVector":"y4ftwCqyxfdHlsXeiBwZxA.6","action":"CompareDataConsistency result: ", "result":"Compare result: History Delete Directives is consistent. local entities count is: 0 local entities hash is: "}
{"logTime": "1102/004753", "correlationVector":"y4ftwCqyxfdHlsXeiBwZxA.7","action":"CompareDataConsistency result: ", "result":"Server did not send this Send Tab To Self local entities count is: 0 local entities hash is: "}
{"logTime": "1102/004753", "correlationVector":"y4ftwCqyxfdHlsXeiBwZxA.8","action":"CompareDataConsistency result: ", "result":"Compare result: Web Apps is consistent. local entities count is: 0 local entities hash is: "}
{"logTime": "1102/004753", "correlationVector":"y4ftwCqyxfdHlsXeiBwZxA.9","action":"CompareDataConsistency result: ", "result":"Compare result: Collection is consistent. local entities count is: 0 local entities hash is: "}
{"logTime": "1102/004753", "correlationVector":"y4ftwCqyxfdHlsXeiBwZxA.10","action":"CompareDataConsistency result: ", "result":"Compare result: Edge E Drop is consistent. local entities count is: 0 local entities hash is: "}
{"logTime": "1102/004753", "correlationVector":"y4ftwCqyxfdHlsXeiBwZxA.11","action":"CompareDataConsistency result: ", "result":"Compare result: Edge Tab Group is consistent. local entities count is: 0 local entities hash is: "}
{"logTime": "1102/004753", "correlationVector":"y4ftwCqyxfdHlsXeiBwZxA.12","action":"CompareDataConsistency result: ", "result":"Compare result: Edge Wallet is consistent. local entities count is: 0 local entities hash is: "}
{"logTime": "1102/004753", "correlationVector":"y4ftwCqyxfdHlsXeiBwZxA.13","action":"CompareDataConsistency result: ", "result":"Compare result: Passwords is consistent. local entities count is: 0 local entities hash is: "}
{"logTime": "1102/004753", "correlationVector":"DRKBVUPLvRANXmq+cfgBWb","action":"Commit Request", "result":"", "context":Item count: 5
Contributing types: Sessions, Device Info, User Consents}
{"logTime": "1102/004754", "correlationVector":"DRKBVUPLvRANXmq+cfgBWb.1","action":"SyncServerConnectionManagerRequest", "result":"SYNC_SERVER_OK", "context":{"environment":"Prod_EastUS2_000e", "migrationStage":"NotStarted", "server":"GENERAL0100002A"}}
{"logTime": "1102/004754", "correlationVector":"DRKBVUPLvRANXmq+cfgBWb.2","action":"Commit Response", "result":"Success", "context":Result: Success. cV=DRKBVUPLvRANXmq+cfgBWb.0;server=GENERAL0100002A;cloudType=Consumer;environment=Prod_EastUS2_000e;migrationStage=NotStarted}
{"logTime": "1102/004754", "correlationVector":"","action":"DIAGNOSTIC_REQUEST|v1/diagnosticData/Diagnostic.SendCheckResult()|SUCCESS", "result":""}
{"logTime": "1102/004754", "correlationVector":"Fgni7mGGoaWwjDoD1bTJoP","action":"Normal GetUpdate request", "result":"", "context":cV=Fgni7mGGoaWwjDoD1bTJoP
Nudged types: Sessions, Device Info}
{"logTime": "1102/004754", "correlationVector":"Fgni7mGGoaWwjDoD1bTJoP.1","action":"SyncServerConnectionManagerRequest", "result":"SYNC_SERVER_OK", "context":{"environment":"Prod_EastUS2_000e", "migrationStage":"NotStarted", "server":"GENERAL0100001E"}}
{"logTime": "1102/004754", "correlationVector":"Fgni7mGGoaWwjDoD1bTJoP.2","action":"GetUpdates Response", "result":"Success", "context":Received 3 update(s). cV=Fgni7mGGoaWwjDoD1bTJoP.0;server=GENERAL0100001E;cloudType=Consumer;environment=Prod_EastUS2_000e;migrationStage=NotStarted}
{"logTime": "1102/004754", "correlationVector":"y1C0tG4VYRYeixDDEeYZTS","action":"Commit Request", "result":"", "context":Item count: 1
Contributing types: Sessions}
{"logTime": "1102/004754", "correlationVector":"y1C0tG4VYRYeixDDEeYZTS.1","action":"SyncServerConnectionManagerRequest", "result":"SYNC_SERVER_OK", "context":{"environment":"Prod_EastUS2_000e", "migrationStage":"NotStarted", "server":"GENERAL0100000G"}}
{"logTime": "1102/004754", "correlationVector":"y1C0tG4VYRYeixDDEeYZTS.2","action":"Commit Response", "result":"Success", "context":Result: Success. cV=y1C0tG4VYRYeixDDEeYZTS.0;server=GENERAL0100000G;cloudType=Consumer;environment=Prod_EastUS2_000e;migrationStage=NotStarted}
{"logTime": "1102/004824", "correlationVector":"G/h/ybH34k1cLt2kqxlHa5","action":"Normal GetUpdate request", "result":"", "context":cV=G/h/ybH34k1cLt2kqxlHa5
Nudged types: Sessions}
{"logTime": "1102/004825", "correlationVector":"G/h/ybH34k1cLt2kqxlHa5.1","action":"SyncServerConnectionManagerRequest", "result":"SYNC_SERVER_OK", "context":{"environment":"Prod_EastUS2_000e", "migrationStage":"NotStarted", "server":"GENERAL01000027"}}
{"logTime": "1102/004825", "correlationVector":"G/h/ybH34k1cLt2kqxlHa5.2","action":"GetUpdates Response", "result":"Success", "context":Received 1 update(s). cV=G/h/ybH34k1cLt2kqxlHa5.0;server=GENERAL01000027;cloudType=Consumer;environment=Prod_EastUS2_000e;migrationStage=NotStarted}
{"logTime": "1102/005037", "correlationVector":"jLFauGPB8vUNl7OFapIKas","action":"Commit Request", "result":"", "context":Item count: 1
Contributing types: Sessions}
{"logTime": "1102/005037", "correlationVector":"jLFauGPB8vUNl7OFapIKas.1","action":"SyncServerConnectionManagerRequest", "result":"SYNC_SERVER_OK", "context":{"environment":"Prod_EastUS2_000e", "migrationStage":"NotStarted", "server":"GENERAL0100002I"}}
{"logTime": "1102/005037", "correlationVector":"jLFauGPB8vUNl7OFapIKas.2","action":"Commit Response", "result":"Success", "context":Result: Success. cV=jLFauGPB8vUNl7OFapIKas.0;server=GENERAL0100002I;cloudType=Consumer;environment=Prod_EastUS2_000e;migrationStage=NotStarted}
{"logTime": "1102/005139", "correlationVector":"tiY5rHsl2x2zdjDLvbU1pt","action":"Commit Request", "result":"", "context":Item count: 1
Contributing types: Sessions}
{"logTime": "1102/005140", "correlationVector":"tiY5rHsl2x2zdjDLvbU1pt.1","action":"SyncServerConnectionManagerRequest", "result":"SYNC_SERVER_OK", "context":{"environment":"Prod_EastUS2_000e", "migrationStage":"NotStarted", "server":"general0100002F"}}
{"logTime": "1102/005140", "correlationVector":"tiY5rHsl2x2zdjDLvbU1pt.2","action":"Commit Response", "result":"Success", "context":Result: Success. cV=tiY5rHsl2x2zdjDLvbU1pt.0;server=general0100002F;cloudType=Consumer;environment=Prod_EastUS2_000e;migrationStage=NotStarted}
{"logTime": "1102/005248", "correlationVector":"nv9jXrd2fQuw10k0xq+BAR","action":"Normal GetUpdate request", "result":"", "context":cV=nv9jXrd2fQuw10k0xq+BAR
Nudged types: Sessions
Refresh requested types: Bookmarks, Preferences, Passwords, Autofill Profiles, Autofill, Typed URLs, Extensions, Sessions, Extension settings, History Delete Directives, Device Info, User Consents, Send Tab To Self, Web Apps, Collection, Edge E Drop, Edge Hub App Usage, Edge Tab Group, Edge Wallet, Encryption Keys}
{"logTime": "1102/005249", "correlationVector":"nv9jXrd2fQuw10k0xq+BAR.1","action":"SyncServerConnectionManagerRequest", "result":"SYNC_SERVER_OK", "context":{"environment":"Prod_EastUS2_000e", "migrationStage":"NotStarted", "server":"GENERAL0100000N"}}
{"logTime": "1102/005249", "correlationVector":"nv9jXrd2fQuw10k0xq+BAR.2","action":"GetUpdates Response", "result":"Success", "context":Received 1 update(s). cV=nv9jXrd2fQuw10k0xq+BAR.0;server=GENERAL0100000N;cloudType=Consumer;environment=Prod_EastUS2_000e;migrationStage=NotStarted}
{"logTime": "1102/005249", "correlationVector":"oaJsZbuwk3XDELQYknEisv","action":"Commit Request", "result":"", "context":Item count: 1
Contributing types: Sessions}
{"logTime": "1102/005249", "correlationVector":"oaJsZbuwk3XDELQYknEisv.1","action":"SyncServerConnectionManagerRequest", "result":"SYNC_SERVER_OK", "context":{"environment":"Prod_EastUS2_000e", "migrationStage":"NotStarted", "server":"GENERAL0100002U"}}
{"logTime": "1102/005249", "correlationVector":"oaJsZbuwk3XDELQYknEisv.2","action":"Commit Response", "result":"Success", "context":Result: Success. cV=oaJsZbuwk3XDELQYknEisv.0;server=GENERAL0100002U;cloudType=Consumer;environment=Prod_EastUS2_000e;migrationStage=NotStarted}
{"logTime": "1102/005900", "correlationVector":"NUW2/9ixeO2FGNMkz18F8/","action":"Commit Request", "result":"", "context":Item count: 1
Contributing types: Sessions}
{"logTime": "1102/005901", "correlationVector":"NUW2/9ixeO2FGNMkz18F8/.1","action":"SyncServerConnectionManagerRequest", "result":"SYNC_SERVER_OK", "context":{"environment":"Prod_EastUS2_000e", "migrationStage":"NotStarted", "server":"general0100002F"}}
{"logTime": "1102/005901", "correlationVector":"NUW2/9ixeO2FGNMkz18F8/.2","action":"Commit Response", "result":"Success", "context":Result: Success. cV=NUW2/9ixeO2FGNMkz18F8/.0;server=general0100002F;cloudType=Consumer;environment=Prod_EastUS2_000e;migrationStage=NotStarted}
